Digest username="fmeyer", realm="PeakHMI", nonce="N6l8J53940BWi/157IWaddI06/ZULzyP", uri="/", response="e84d8e1c7e3506b2d9ebdbe42068919d", opaque="JvnGjaphFchhqB1MDFM7nT1FdpqSANZM6f", cnonce="0666a9f219af1e86d488531fc67d5d66", nc=00000001, qop="auth"
Digest username="fmeyer", realm="PeakHMI", nonce="JphrLp3940Dqul3Qv44DylQn4jOcx62y", uri="/SCRL.html", response="280bd8ae091dc4264fd9cd26333d174e", opaque="ecL08GiwIdRNSD2QPcLckVfg9slZ7QxQva", cnonce="735b9c0dc12b9447bf23e2e7eb7ff431", nc=00000001, qop="auth"
Digest username="fmeyer", realm="PeakHMI", nonce="FMSiLp3940ATYDgbECZKCDdf8eBQiuuW", uri="/SCRS/ID=1", response="4a95971df6c7191d8435f6250c70bb06", opaque="T7Yd3gttydLleKEHaOSP9nhs2GgGgEiWM1", cnonce="76469a2ccf8c41e8b5190ad2d7d88f4d", nc=00000001, qop="auth"
Digest username="fmeyer", realm="PeakHMI", nonce="fFqnLp3940DcScVE/9iALjhEmL/EoUf7", uri="/SCRSI/ID=1", response="a4b130581acb8bf85d92a5a1d6a9c8b5", opaque="Y3SHVUV6ismKQTGoAYLaaZi0Yt6oDlAdDu", cnonce="fe7e04332e51a126acf8d41b26a8d934", nc=00000001, qop="auth"
Digest username="fmeyer", realm="PeakHMI", nonce="S6IiL53940DRSxIDXaAc2zzrD3dlKWHM", uri="/index.html", response="369926f3a91851a9a5ccc9c8672f9711", opaque="QZjf7gALm1I0ARTk7mfkyyCHtC4DPsTvaN", cnonce="8ceffa9ee35a73d072b97c661c96edc4", nc=00000001, qop="auth"
Digest username="fmeyer", realm="PeakHMI", nonce="TRp8L53940CAvfeD6NmrsDI+3g91WKaC", uri="/ALARMLOGS.html", response="b0289f633fd888b9a2e1cb4524b32ee3", opaque="BplPZMceuY8Kv39vKr92myj49AcRWLbRWL", cnonce="6bebf2c896a20ad6f79f3c302c88b620", nc=00000001, qop="auth"
Digest username="fmeyer", realm="PeakHMI", nonce="dwTAL53940BCQ6Y9ktqVlztDGZIPl5aG", uri="/ALARMLOG.html/Date=312D33312D32303132", response="44c59c86134d910010ee32448d18dfe2", opaque="cYEy9jxFTJ8Aul95cMDbBavZ4JWPgj41KF", cnonce="12edf409dcda2b08677d81b36361a131", nc=00000001, qop="auth"
Digest username="fmeyer", realm="PeakHMI", nonce="lhyeMJ3940AxCLIigH0vZ7P6kMASmj6D", uri="/index.html", response="0c362470e530114f1a3ce0d72d409cb3", opaque="1QBAT9MBYder5aAmnHoxcQWOGYDgocCl29", cnonce="402be7b7b2140e3c31cad0c7af7ab2f4", nc=00000001, qop="auth"
Digest username="fmeyer", realm="PeakHMI", nonce="x70NMZ3940AfGlnNWUv903aHXHMeQj1m", uri="/EVENTLOGS.html", response="44aae5c424985da6ec319d250f6c2184", opaque="5oRQSrGS1eopXYIgvuAOMXkkpc11tW7Lpt", cnonce="debe4858f47172968f0cccc656fa99b0", nc=00000001, qop="auth"
Digest username="fmeyer", realm="PeakHMI", nonce="R2xPMZ3940BWoUDgFH6KOd6iaJHbEDp8", uri="/EVENTLOG.html/Date=322D312D32303132", response="c5fbbfaf974f023a1c08994329a10f8b", opaque="Hc757TWCZtrgbowOtPhJKFDGGhuB4HC7bg", cnonce="346ac7c123094c45d893aa17a6a54835", nc=00000001, qop="auth"
Digest username="fmeyer", realm="PeakHMI", nonce="tckJMp3940AoEWfF87YAdL/bseftvobN", uri="/index.html", response="4dd287176dc6c4013c80fa56a1c5d27c", opaque="AAwMyx6t8M4oUvd5L50broZwli0EpDE4YT", cnonce="c6eedd646a3942b21f7a1506fa8aaca1", nc=00000001, qop="auth"
Digest username="fmeyer", realm="PeakHMI", nonce="bPlHMp3940BfpADIeJbu+lqyyUJnLz4F", uri="/ALARMLOGS.html", response="48b15fd85330ba07f5800de0cf9096c3", opaque="xH8NaK7TfUsPYjFvjKiokI99cLVNPgQ2Dj", cnonce="fd88674cf58118d83ff84aaa6daf43b7", nc=00000001, qop="auth"
Digest username="fmeyer", realm="PeakHMI", nonce="1rJnMp3940DxT0VWazrAjw6RfBeQKkjZ", uri="/ALARMLOG.html/Date=312D33312D32303132", response="e91e7c1f5b314b4d986fe7cfb98b5be8", opaque="6NgsH93qCNNPj4tibnd6jYixL9yJkbuo43", cnonce="8b3e668a6c8a6a39d46bfb25df91e681", nc=00000001, qop="auth"
Digest username="admin", realm="PeakHMI", qop="auth", algorithm="MD5", uri="/", nonce="SwBgIWH940DOFaJgtoHOJyR8DNEFiKhp", nc="00000001", cnonce="4f278ef1", response="ce029ddf6d9cd095d81a52b51ab9ac6a", opaque="5mnQi9NYeLYFAYUiHYM4iIWl75PVbrBsK7"
Digest username="Mufasa", realm="testrealm@host.com", nonce="dcd98b7102dd2f0e8b11d0f600bfb0c093", uri="/dir/index.html", qop=auth, nc=00000001, cnonce="0a4f113b", response="6629fae49393a05397450978507c4ef1", opaque="5ccc069c403ebaf9f0171e9517f40e41"
Digest username="admin", realm="PeakHMI", qop="auth", algorithm="MD5", uri="/", nonce="upOJIGH940BClmHT1A/0LeHON9C1qQ34", nc="00000001", cnonce="4f278eea", response="276ec5eadcacbfdf41cc89c4367c748a", opaque="oAykeQDpIC8MGWBQyHYNSbgRUoyiGNj5rL"
Digest username="admin", realm="PeakHMI", qop="auth", algorithm="MD5", uri="/", nonce="ACH1IGH940A4rCqTQFvLKXEXiSoU9HiY", nc="00000001", cnonce="4f278eee", response="242d5d5e6a10487407ab5964eac1343e", opaque="nfsturI7lB30Yh159SBianeBj4mHrYR49S"
Digest username="admin", realm="PeakHMI", qop="auth", algorithm="MD5", uri="/", nonce="SwBgIWH940DOFaJgtoHOJyR8DNEFiKhp", nc="00000001", cnonce="4f278ef1", response="ce029ddf6d9cd095d81a52b51ab9ac6a", opaque="5mnQi9NYeLYFAYUiHYM4iIWl75PVbrBsK7"
Digest username="hmi", realm="PeakHMI", qop="auth", algorithm="MD5", uri="/", nonce="QrGfIWH940DWXazraa2c5480bK4lhyIa", nc="00000001", cnonce="4f278ef6", response="1bf6f4eac77f3555637a57ab141f996c", opaque="jya6IDxEkYuoUdZVf6b2TftD8wLgyIEUKm"
Digest username="paswd", realm="PeakHMI", qop="auth", algorithm="MD5", uri="/", nonce="I1osImH940AjoeBGX5YDlYkeTOM5SZWb", nc="00000001", cnonce="4f278efa", response="8784f80c968b6620654be1d871cf8e4a", opaque="6SeQYUMaE0W8R3H2f9io2cy6axpPZ3Bf5o"
Digest username="guest", realm="1763-L16BWA B/9.00", nonce="a4b8c8d7e0f6a7b2c3d2e4f5a4b7c5d2e7f", uri="/dataview.htm", algorithm=MD5, response="ebb5aa5ceba186ce5fbd0547cf6cf922", qop=auth, nc=00000001, cnonce="b1686b0613b3ba9b"
Digest username="guest", realm="1763-L16BWA B/9.00", nonce="a4b8c8d7e0f6a7b2c3d2e4f5a4b7c5d2e7f", uri="/radevice.css", algorithm=MD5, response="a037a09eea4d8e573fb07a9a5de33fcc", qop=auth, nc=00000002, cnonce="8ce0a26c36aa4ea1"
Digest username="guest", realm="1763-L16BWA B/9.00", nonce="a4b8c8d7e0f6a7b2c3d2e4f5a4b7c5d2e7f", uri="/URLhdl.js", algorithm=MD5, response="949eaae6ed80460304d0d092e478d72c", qop=auth, nc=00000003, cnonce="11a7dbeeea2a6c6e"
Digest username="guest", realm="1763-L16BWA B/9.00", nonce="a4b8c8d7e0f6a7b2c3d2e4f5a4b7c5d2e7f", uri="/TableList.js", algorithm=MD5, response="996abe96d8c96e4dc06e0a943d566a97", qop=auth, nc=00000004, cnonce="a6e6964cce82e441"
Digest username="guest", realm="1763-L16BWA B/9.00", nonce="a4b8c8d7e0f6a7b2c3d2e4f5a4b7c5d2e7f", uri="/msonoff.gif", algorithm=MD5, response="595b0dd6336a3d4fa9eaafcc9056593c", qop=auth, nc=00000005, cnonce="6e94a84a37595c81"
Digest username="guest", realm="1763-L16BWA B/9.00", nonce="a4b8c8d7e0f6a7b2c3d2e4f5a4b7c5d2e7f", uri="/mendoff.gif", algorithm=MD5, response="c5a4c3606d7a33bb2e1491de8b3c349b", qop=auth, nc=00000006, cnonce="487debbcb40a84b0"
Digest username="guest", realm="1763-L16BWA B/9.00", nonce="a4b8c8d7e0f6a7b2c3d2e4f5a4b7c5d2e7f", uri="/favicon.ico", algorithm=MD5, response="4dcab2755c0dab1c91ecfdefcded631e", qop=auth, nc=00000007, cnonce="4550d9a221b7d592"
Digest username="guest", realm="1763-L16BWA B/9.00", nonce="a4b8c8d7e0f6a7b2c3d2e4f5a4b7c5d2e7f", uri="/newdata.htm", algorithm=MD5, response="1bda722b651c0f125141d8db85540690", qop=auth, nc=00000008, cnonce="e11ddcb91b5a12a5"
Digest username="guest", realm="1763-L16BWA B/9.00", nonce="a4b8c8d7e0f6a7b2c3d2e4f5a4b7c5d2e7f", uri="/radevice.css", algorithm=MD5, response="ab9b44430c6ee5b44c3a107cc50054ec", qop=auth, nc=00000009, cnonce="8157a19d2560a039"
Digest username="guest", realm="1763-L16BWA B/9.00", nonce="a4b8c8d7e0f6a7b2c3d2e4f5a4b7c5d2e7f", uri="/URLhdl.js", algorithm=MD5, response="04c961b8e219091dab7dc47fe8e20d4e", qop=auth, nc=0000000a, cnonce="248015a321e33a9b"
Digest username="guest", realm="1763-L16BWA B/9.00", nonce="a4b8c8d7e0f6a7b2c3d2e4f5a4b7c5d2e7f", uri="/msoffon.gif", algorithm=MD5, response="afc44f0e81b7eb8f173f1c384f18bb2e", qop=auth, nc=0000000b, cnonce="b0371c543c4dc88e"
Digest username="guest", realm="1763-L16BWA B/9.00", nonce="a4b8c8d7e0f6a7b2c3d2e4f5a4b7c5d2e7f", uri="/mendon.gif", algorithm=MD5, response="02aae72bf46bacb414c76e088ce1c938", qop=auth, nc=0000000c, cnonce="d2007a3ab3e0d8ba"
Digest username="guest", realm="1763-L16BWA B/9.00", nonce="a4b8c8d7e0f6a7b2c3d2e4f5a4b7c5d2e7f", uri="/favicon.ico", algorithm=MD5, response="1ce9e6999887f9cbf6f0c675a7721f49", qop=auth, nc=0000000d, cnonce="902ac8e154e2d82b"
Digest username="guest", realm="1763-L16BWA B/9.00", nonce="a4b8c8d7e0f6a7b2c3d2e4f5a4b7c5d2e7f", uri="/netstat.htm", algorithm=MD5, response="bb0cecdf23deb35d4060f0d235efb842", qop=auth, nc=0000000e, cnonce="b3c4d1ea4db378d1"
Digest username="guest", realm="1763-L16BWA B/9.00", nonce="a4b8c8d7e0f6a7b2c3d2e4f5a4b7c5d2e7f", uri="/radevice.css", algorithm=MD5, response="45408e328b83c0ef93798949e1f73142", qop=auth, nc=0000000f, cnonce="81c69c7e272015cc"
Digest username="guest", realm="1763-L16BWA B/9.00", nonce="a4b8c8d7e0f6a7b2c3d2e4f5a4b7c5d2e7f", uri="/URLhdl.js", algorithm=MD5, response="805b538391b120757fbbd20e7813658b", qop=auth, nc=00000010, cnonce="8917a120ee377180"
Digest username="guest", realm="1763-L16BWA B/9.00", nonce="a4b8c8d7e0f6a7b2c3d2e4f5a4b7c5d2e7f", uri="/refresh.js", algorithm=MD5, response="c66085ac6b3659c7d8771382a3a1978f", qop=auth, nc=00000011, cnonce="367c3ec56e68445c"
Digest username="guest", realm="1763-L16BWA B/9.00", nonce="a4b8c8d7e0f6a7b2c3d2e4f5a4b7c5d2e7f", uri="/msoffoff.gif", algorithm=MD5, response="427a262280e0c15edbfb0b1b6c7d39c3", qop=auth, nc=00000012, cnonce="d74987986c0de8e2"
Digest username="guest", realm="1763-L16BWA B/9.00", nonce="a4b8c8d7e0f6a7b2c3d2e4f5a4b7c5d2e7f", uri="/msoffon.gif", algorithm=MD5, response="07bbc066595461123e7ca5f23ac60e1e", qop=auth, nc=00000013, cnonce="e6036c9db0614bd3"
Digest username="guest", realm="1763-L16BWA B/9.00", nonce="a4b8c8d7e0f6a7b2c3d2e4f5a4b7c5d2e7f", uri="/mendon.gif", algorithm=MD5, response="ba9ed7f8ca11083ad31c0c5f94031f28", qop=auth, nc=00000014, cnonce="33cca7525514e07e"
Digest username="guest", realm="1763-L16BWA B/9.00", nonce="a4b8c8d7e0f6a7b2c3d2e4f5a4b7c5d2e7f", uri="/favicon.ico", algorithm=MD5, response="d48d59a2e50168e52ea49788fc86cf13", qop=auth, nc=00000015, cnonce="772d5bb1c222e163"
Digest username="guest", realm="1763-L16BWA B/9.00", nonce="a4b8c8d7e0f6a7b2c3d2e4f5a4b7c5d2e7f", uri="/diagover.htm", algorithm=MD5, response="aa8e571a2079b9040a40b4fb6baffc2d", qop=auth, nc=00000016, cnonce="4400b531b46a5eac"
Digest username="guest", realm="1763-L16BWA B/9.00", nonce="a4b8c8d7e0f6a7b2c3d2e4f5a4b7c5d2e7f", uri="/radevice.css", algorithm=MD5, response="b8855fa6fd71438f2b4d3671769c0143", qop=auth, nc=00000017, cnonce="7cbc97e7a19930c8"
Digest username="guest", realm="1763-L16BWA B/9.00", nonce="a4b8c8d7e0f6a7b2c3d2e4f5a4b7c5d2e7f", uri="/URLhdl.js", algorithm=MD5, response="7069c037897d3fc1d9251610b68c0ec8", qop=auth, nc=00000018, cnonce="4d814c2019b69641"
Digest username="guest", realm="1763-L16BWA B/9.00", nonce="a4b8c8d7e0f6a7b2c3d2e4f5a4b7c5d2e7f", uri="/refresh.js", algorithm=MD5, response="84c9b1d3051515f3fdf5a3c838686d37", qop=auth, nc=00000019, cnonce="40dd7c63e0c21ab6"
Digest username="guest", realm="1763-L16BWA B/9.00", nonce="a4b8c8d7e0f6a7b2c3d2e4f5a4b7c5d2e7f", uri="/msonoff.gif", algorithm=MD5, response="c9c85f5caaaabdbbd2c2a1b48e2857b0", qop=auth, nc=0000001a, cnonce="857c2ad359ae1005"
Digest username="guest", realm="1763-L16BWA B/9.00", nonce="a4b8c8d7e0f6a7b2c3d2e4f5a4b7c5d2e7f", uri="/msoffoff.gif", algorithm=MD5, response="717faaa91a627052e7c69930161e2211", qop=auth, nc=0000001b, cnonce="0e48babbb9ec4a3d"
Digest username="guest", realm="1763-L16BWA B/9.00", nonce="a4b8c8d7e0f6a7b2c3d2e4f5a4b7c5d2e7f", uri="/mendoff.gif", algorithm=MD5, response="38ff1a5a1c1e7828f2b1c746d7c2e4a4", qop=auth, nc=0000001c, cnonce="0bb3796c42b52ba3"
Digest username="guest", realm="1763-L16BWA B/9.00", nonce="a4b8c8d7e0f6a7b2c3d2e4f5a4b7c5d2e7f", uri="/favicon.ico", algorithm=MD5, response="5359d78fcbc8f110b412c1038edfe46d", qop=auth, nc=0000001d, cnonce="a0b7a8462346e840"
Digest username="guest", realm="1763-L16BWA B/9.00", nonce="a4b8c8d7e0f6a7b2c3d2e4f5a4b7c5d2e7f", uri="/netset.htm", algorithm=MD5, response="23fb13c00d132c9649b6a13fa5c1328a", qop=auth, nc=0000001e, cnonce="413baa80d450114c"
Digest username="guest", realm="1763-L16BWA B/9.00", nonce="a4b8c8d7e0f6a7b2c3d2e4f5a4b7c5d2e7f", uri="/radevice.css", algorithm=MD5, response="1a3ca557927872179d8d34dbf53251ec", qop=auth, nc=0000001f, cnonce="205c994bd83c18c5"
Digest username="guest", realm="1763-L16BWA B/9.00", nonce="a4b8c8d7e0f6a7b2c3d2e4f5a4b7c5d2e7f", uri="/URLhdl.js", algorithm=MD5, response="884f26325f49956ac28d44939c53e9fe", qop=auth, nc=00000020, cnonce="9125ba590ba2ceee"
Digest username="guest", realm="1763-L16BWA B/9.00", nonce="a4b8c8d7e0f6a7b2c3d2e4f5a4b7c5d2e7f", uri="/msoffon.gif", algorithm=MD5, response="f5a54e7bc89c7bbe14f6fd58560c65ec", qop=auth, nc=00000021, cnonce="05c9e16c99aa281b"
Digest username="guest", realm="1763-L16BWA B/9.00", nonce="a4b8c8d7e0f6a7b2c3d2e4f5a4b7c5d2e7f", uri="/msonoff.gif", algorithm=MD5, response="e0a990196f9b2353841ead915c5854b1", qop=auth, nc=00000022, cnonce="9316e7103c21b21c"
Digest username="guest", realm="1763-L16BWA B/9.00", nonce="a4b8c8d7e0f6a7b2c3d2e4f5a4b7c5d2e7f", uri="/mendoff.gif", algorithm=MD5, response="0bb6b64089b7c412c54187cb3948cdbd", qop=auth, nc=00000023, cnonce="7d770d59705a9673"
Digest username="guest", realm="1763-L16BWA B/9.00", nonce="a4b8c8d7e0f6a7b2c3d2e4f5a4b7c5d2e7f", uri="/favicon.ico", algorithm=MD5, response="1ddd023f6e4fe2acddd64475250bcb2e", qop=auth, nc=00000024, cnonce="a8aa1ba48d551638"
Digest username="guest", realm="1763-L16BWA B/9.00", nonce="a4b8c8d7e0f6a7b2c3d2e4f5a4b7c5d2e7f", uri="/adm_user.htm", algorithm=MD5, response="6d10da1aedd685c5b7fd9246e50f1401", qop=auth, nc=00000025, cnonce="5a15860166b0d448"
Digest username="guest", realm="1763-L16BWA B/9.00", nonce="a4b8c8d7e0f6a7b2c3d2e4f5a4b7c5d2e7f", uri="/radevice.css", algorithm=MD5, response="318f408b30397a6b4e9b988e9398844d", qop=auth, nc=00000026, cnonce="c03ebe35c9bd0e76"
Digest username="guest", realm="1763-L16BWA B/9.00", nonce="a4b8c8d7e0f6a7b2c3d2e4f5a4b7c5d2e7f", uri="/URLhdl.js", algorithm=MD5, response="bc83a1ed1691deee1009c4e758ec9e0d", qop=auth, nc=00000027, cnonce="a8c4ec5632716ba4"
Digest username="guest", realm="1763-L16BWA B/9.00", nonce="a4b8c8d7e0f6a7b2c3d2e4f5a4b7c5d2e7f", uri="/mendon.gif", algorithm=MD5, response="72b1aef5f12cdaa24a808bfcbf70386d", qop=auth, nc=00000028, cnonce="ce38d7eb1b92b286"
Digest username="guest", realm="1763-L16BWA B/9.00", nonce="a4b8c8d7e0f6a7b2c3d2e4f5a4b7c5d2e7f", uri="/favicon.ico", algorithm=MD5, response="0859173e00ed108e195d6554166ea3d6", qop=auth, nc=00000029, cnonce="a5aa3117499b5412"
Digest username="admin", realm="1763-L16BWA B/9.00", nonce="a4b8c8d7e0f6a7b2c3d2e4f5a4b7c5d2e7f", uri="/diagover.htm", algorithm=MD5, response="f639a4351771f0ad71dc2e92abf2f081", qop=auth, nc=00000001, cnonce="0a06ab7b67d93527"
Digest username="administrator", realm="1763-L16BWA B/9.00", nonce="a4b8c8d7e0f6a7b2c3d2e4f5a4b7c5d2e7f", uri="/diagover.htm", algorithm=MD5, response="ec3343861d89406ebff9d016c573a93c", qop=auth, nc=00000001, cnonce="ce1235d4b5687068"
Digest username="root", realm="1763-L16BWA B/9.00", nonce="a4b8c8d7e0f6a7b2c3d2e4f5a4b7c5d2e7f", uri="/diagover.htm", algorithm=MD5, response="7cef1b26f92414bafc1bc2f52d4902e9", qop=auth, nc=00000001, cnonce="b6e63739e24276a5"
Digest username="fmeyer", realm="PeakHMI", nonce="N6l8J53940BWi/157IWaddI06/ZULzyP", uri="/", response="e84d8e1c7e3506b2d9ebdbe42068919d", opaque="JvnGjaphFchhqB1MDFM7nT1FdpqSANZM6f", cnonce="0666a9f219af1e86d488531fc67d5d66", nc=00000001, qop="auth"
Digest username="fmeyer", realm="PeakHMI", nonce="JphrLp3940Dqul3Qv44DylQn4jOcx62y", uri="/SCRL.html", response="280bd8ae091dc4264fd9cd26333d174e", opaque="ecL08GiwIdRNSD2QPcLckVfg9slZ7QxQva", cnonce="735b9c0dc12b9447bf23e2e7eb7ff431", nc=00000001, qop="auth"
Digest username="fmeyer", realm="PeakHMI", nonce="FMSiLp3940ATYDgbECZKCDdf8eBQiuuW", uri="/SCRS/ID=1", response="4a95971df6c7191d8435f6250c70bb06", opaque="T7Yd3gttydLleKEHaOSP9nhs2GgGgEiWM1", cnonce="76469a2ccf8c41e8b5190ad2d7d88f4d", nc=00000001, qop="auth"
Digest username="fmeyer", realm="PeakHMI", nonce="fFqnLp3940DcScVE/9iALjhEmL/EoUf7", uri="/SCRSI/ID=1", response="a4b130581acb8bf85d92a5a1d6a9c8b5", opaque="Y3SHVUV6ismKQTGoAYLaaZi0Yt6oDlAdDu", cnonce="fe7e04332e51a126acf8d41b26a8d934", nc=00000001, qop="auth"
Digest username="fmeyer", realm="PeakHMI", nonce="S6IiL53940DRSxIDXaAc2zzrD3dlKWHM", uri="/index.html", response="369926f3a91851a9a5ccc9c8672f9711", opaque="QZjf7gALm1I0ARTk7mfkyyCHtC4DPsTvaN", cnonce="8ceffa9ee35a73d072b97c661c96edc4", nc=00000001, qop="auth"
Digest username="fmeyer", realm="PeakHMI", nonce="TRp8L53940CAvfeD6NmrsDI+3g91WKaC", uri="/ALARMLOGS.html", response="b0289f633fd888b9a2e1cb4524b32ee3", opaque="BplPZMceuY8Kv39vKr92myj49AcRWLbRWL", cnonce="6bebf2c896a20ad6f79f3c302c88b620", nc=00000001, qop="auth"
Digest username="fmeyer", realm="PeakHMI", nonce="dwTAL53940BCQ6Y9ktqVlztDGZIPl5aG", uri="/ALARMLOG.html/Date=312D33312D32303132", response="44c59c86134d910010ee32448d18dfe2", opaque="cYEy9jxFTJ8Aul95cMDbBavZ4JWPgj41KF", cnonce="12edf409dcda2b08677d81b36361a131", nc=00000001, qop="auth"
Digest username="fmeyer", realm="PeakHMI", nonce="lhyeMJ3940AxCLIigH0vZ7P6kMASmj6D", uri="/index.html", response="0c362470e530114f1a3ce0d72d409cb3", opaque="1QBAT9MBYder5aAmnHoxcQWOGYDgocCl29", cnonce="402be7b7b2140e3c31cad0c7af7ab2f4", nc=00000001, qop="auth"
Digest username="fmeyer", realm="PeakHMI", nonce="x70NMZ3940AfGlnNWUv903aHXHMeQj1m", uri="/EVENTLOGS.html", response="44aae5c424985da6ec319d250f6c2184", opaque="5oRQSrGS1eopXYIgvuAOMXkkpc11tW7Lpt", cnonce="debe4858f47172968f0cccc656fa99b0", nc=00000001, qop="auth"
Digest username="fmeyer", realm="PeakHMI", nonce="R2xPMZ3940BWoUDgFH6KOd6iaJHbEDp8", uri="/EVENTLOG.html/Date=322D312D32303132", response="c5fbbfaf974f023a1c08994329a10f8b", opaque="Hc757TWCZtrgbowOtPhJKFDGGhuB4HC7bg", cnonce="346ac7c123094c45d893aa17a6a54835", nc=00000001, qop="auth"
Digest username="fmeyer", realm="PeakHMI", nonce="tckJMp3940AoEWfF87YAdL/bseftvobN", uri="/index.html", response="4dd287176dc6c4013c80fa56a1c5d27c", opaque="AAwMyx6t8M4oUvd5L50broZwli0EpDE4YT", cnonce="c6eedd646a3942b21f7a1506fa8aaca1", nc=00000001, qop="auth"
Digest username="fmeyer", realm="PeakHMI", nonce="bPlHMp3940BfpADIeJbu+lqyyUJnLz4F", uri="/ALARMLOGS.html", response="48b15fd85330ba07f5800de0cf9096c3", opaque="xH8NaK7TfUsPYjFvjKiokI99cLVNPgQ2Dj", cnonce="fd88674cf58118d83ff84aaa6daf43b7", nc=00000001, qop="auth"
Digest username="fmeyer", realm="PeakHMI", nonce="1rJnMp3940DxT0VWazrAjw6RfBeQKkjZ", uri="/ALARMLOG.html/Date=312D33312D32303132", response="e91e7c1f5b314b4d986fe7cfb98b5be8", opaque="6NgsH93qCNNPj4tibnd6jYixL9yJkbuo43", cnonce="8b3e668a6c8a6a39d46bfb25df91e681", nc=00000001, qop="auth"
